[19:21 30.237762]< 0x02 ([STX])
                 < 0x01 ([SOH])
                 < 0x00 ([NUL])
                 < 0x04 ([EOT])
                 < 0x7e (~)
                 < 0x18 ([CAN])
                 < 0xfc (¸)
                 < 0x68 (h)
                 < 0x16 ([SYN])
                 < 0x45 (E)
                 < 0x17 ([ETB])
                 < 0xdc (‹)
[19:21 30.257722]> 	0x82 (Ç)
                 > 	0x01 ([SOH])
                 > 	0x00 ([NUL])
                 > 	0x00 ([NUL])
                 > 	0x20 ( )
                 > 	0x01 ([SOH])
                 > 	0x00 ([NUL])
                 > 	0x26 (&)
                 > 	0xd9 (Ÿ)
                 > 	0xb3 (≥)
                 > 	0xf1 (Ò)
                 > 	0x32 (2)
                 > 	0xfc (¸)
                 > 	0xfe (˛)
                 > 	0xde (ﬁ)
                 > 	0x20 ( )
                 > 	0x4e (N)
                 > 	0x7c (|)
                 > 	0x99 (ô)
                 > 	0x74 (t)
                 > 	0x8d (ç)
                 > 	0x46 (F)
                 > 	0x33 (3)
                 > 	0x0d ([CR])
                 > 	0x6e (n)
                 > 	0x73 (s)
                 > 	0x65 (e)
                 > 	0x63 (c)
                 > 	0x32 (2)
                 > 	0x30 (0)
                 > 	0x32 (2)
                 > 	0x34 (4)
                 > 	0x5f (_)
                 > 	0x64 (d)
                 > 	0x65 (e)
                 > 	0x6d (m)
                 > 	0x6f (o)
                 > 	0x96 (ñ)
                 > 	0x43 (C)
                 > 	0x78 (x)
                 > 	0xb5 (µ)
[19:21 30.282631]< 0x02 ([STX])
                 < 0x04 ([EOT])
                 < 0x00 ([NUL])
                 < 0x04 ([EOT])
                 < 0x82 (Ç)
                 < 0x90 (ê)
                 < 0x22 (")
                 < 0x66 (f)
                 < 0x9f (ü)
                 < 0xe8 (Ë)
                 < 0x1e ([RS])
                 < 0xca ( )
[19:21 30.290322]> 	0x82 (Ç)
                 > 	0x04 ([EOT])
                 > 	0x00 ([NUL])
                 > 	0x00 ([NUL])
                 > 	0x08 ([BS])
                 > 	0x82 (Ç)
                 > 	0x90 (ê)
                 > 	0x22 (")
                 > 	0x66 (f)
                 > 	0x00 ([NUL])
                 > 	0x00 ([NUL])
                 > 	0x00 ([NUL])
                 > 	0x00 ([NUL])
                 > 	0xd5 (’)
                 > 	0x5c (\)
                 > 	0x9d (ù)
                 > 	0xf2 (Ú)
[19:21 30.307124]< 0x02 ([STX])
                 < 0x02 ([STX])
                 < 0x00 ([NUL])
                 < 0x06 ([ACK])
                 < 0x00 ([NUL])
                 < 0x00 ([NUL])
                 < 0x00 ([NUL])
                 < 0x00 ([NUL])
                 < 0x00 ([NUL])
                 < 0x00 ([NUL])
                 < 0xaa (™)
                 < 0x59 (Y)
                 < 0xa5 (•)
                 < 0xf7 (˜)
[19:21 30.310766]> 	0x82 (Ç)
                 > 	0x02 ([STX])
                 > 	0x00 ([NUL])
                 > 	0x00 ([NUL])
                 > 	0x06 ([ACK])
                 > 	0x00 ([NUL])
                 > 	0x00 ([NUL])
                 > 	0x00 ([NUL])
                 > 	0x00 ([NUL])
                 > 	0xff (ˇ)
                 > 	0xff (ˇ)
                 > 	0x9d (ù)
                 > 	0x09 ([TAB])
                 > 	0xca ( )
[19:21 30.314773]> 	0x4a (J)
[19:21 30.328326]< 0x01 ([SOH])
                 < 0x01 ([SOH])
                 < 0x00 ([NUL])
                 < 0x00 ([NUL])
                 < 0x98 (ò)
                 < 0x3a (:)
                 < 0xd2 (“)
                 < 0x4e (N)
[19:21 30.335325]> 	0x81 (Å)
                 > 	0x01 ([SOH])
                 > 	0x00 ([NUL])
                 > 	0x00 ([NUL])
                 > 	0x02 ([STX])
                 > 	0x01 ([SOH])
                 > 	0x00 ([NUL])
                 > 	0x62 (b)
                 > 	0xce (Œ)
                 > 	0x08 ([BS])
                 > 	0xb2 (≤)
[19:21 30.362569]< 0x02 ([STX])
                 < 0x03 ([ETX])
                 < 0x00 ([NUL])
                 < 0x00 ([NUL])
                 < 0x89 (â)
                 < 0x0b ([VT])
                 < 0xa9 (©)
                 < 0xce (Œ)
[19:21 30.368268]> 	0x82 (Ç)
                 > 	0x03 ([ETX])
                 > 	0x00 ([NUL])
                 > 	0x00 ([NUL])
                 > 	0x11 ([DC1])
                 > 	0x00 ([NUL])
                 > 	0x40 (@)
                 > 	0x00 ([NUL])
                 > 	0x80 (Ä)
                 > 	0x00 ([NUL])
                 > 	0x00 ([NUL])
                 > 	0x00 ([NUL])
                 > 	0x00 ([NUL])
                 > 	0x00 ([NUL])
                 > 	0x4c (L)
                 > 	0x4b (K)
                 > 	0x40 (@)
                 > 	0x00 ([NUL])
                 > 	0x00 ([NUL])
                 > 	0xc3 (√)
                 > 	0x50 (P)
                 > 	0x02 ([STX])
                 > 	0x2e (.)
                 > 	0x4c (L)
                 > 	0xa0 (†)
                 > 	0x81 (Å)
[19:21 30.394897]< 0x01 ([SOH])
                 < 0x03 ([ETX])
                 < 0x00 ([NUL])
                 < 0x00 ([NUL])
                 < 0x9b (õ)
                 < 0xbe (æ)
                 < 0x06 ([ACK])
                 < 0x20 ( )
[19:21 30.400871]> 	0x81 (Å)
                 > 	0x03 ([ETX])
                 > 	0x00 ([NUL])
                 > 	0x00 ([NUL])
                 > 	0x01 ([SOH])
                 > 	0xd0 (–)
                 > 	0xbc (º)
                 > 	0x46 (F)
                 > 	0xff (ˇ)
                 > 	0x9b (õ)
[19:21 30.434299]< 0x01 ([SOH])
                 < 0x04 ([EOT])
                 < 0x00 ([NUL])
                 < 0x00 ([NUL])
                 < 0x9e (û)
                 < 0xf1 (Ò)
                 < 0x10 ([DLE])
                 < 0xa5 (•)
[19:21 30.437710]> 	0x81 (Å)
                 > 	0x04 ([EOT])
                 > 	0x00 ([NUL])
                 > 	0x00 ([NUL])
                 > 	0x02 ([STX])
                 > 	0x00 ([NUL])
                 > 	0x00 ([NUL])
                 > 	0x2b (+)
                 > 	0x18 ([CAN])
                 > 	0xa8 (®)
                 > 	0x40 (@)
[19:21 30.495802]< 0x01 ([SOH])
                 < 0x06 ([ACK])
                 < 0x00 ([NUL])
                 < 0x00 ([NUL])
                 < 0x9d (ù)
                 < 0x75 (u)
                 < 0xc4 (ƒ)
                 < 0xcb (À)
[19:21 30.509100]> 	0x81 (Å)
                 > 	0x06 ([ACK])
                 > 	0x00 ([NUL])
                 > 	0x00 ([NUL])
                 > 	0x02 ([STX])
                 > 	0x00 ([NUL])
                 > 	0x00 ([NUL])
                 > 	0x66 (f)
                 > 	0xd0 (–)
                 > 	0x09 ([TAB])
                 > 	0x4b (K)
[19:21 30.573816]< 0x01 ([SOH])
                 < 0x08 ([BS])
                 < 0x00 ([NUL])
                 < 0x00 ([NUL])
                 < 0x97 (ó)
                 < 0xeb (Î)
                 < 0xe9 (È)
                 < 0xc1 (¡)
[19:21 30.582345]> 	0x81 (Å)
                 > 	0x08 ([BS])
                 > 	0x00 ([NUL])
                 > 	0x00 ([NUL])
                 > 	0x01 ([SOH])
                 > 	0x03 ([ETX])
                 > 	0xd4 (‘)
                 > 	0x4c (L)
                 > 	0x4d (M)
                 > 	0xe4 (‰)
[19:21 30.636653]< 0x01 ([SOH])
                 < 0x09 ([TAB])
                 < 0x00 ([NUL])
                 < 0x01 ([SOH])
                 < 0x00 ([NUL])
                 < 0x9f (ü)
                 < 0x51 (Q)
                 < 0xa0 (†)
                 < 0x66 (f)
[19:21 30.642478]> 	0x81 (Å)
                 > 	0x09 ([TAB])
                 > 	0x00 ([NUL])
                 > 	0x00 ([NUL])
                 > 	0x08 ([BS])
[19:21 30.648368]> 	0x00 ([NUL])
                 > 	0x01 ([SOH])
                 > 	0x80 (Ä)
                 > 	0x04 ([EOT])
                 > 	0x49 (I)
                 > 	0x64 (d)
                 > 	0x6c (l)
                 > 	0x65 (e)
                 > 	0x44 (D)
                 > 	0xec (Ï)
                 > 	0x5e (^)
                 > 	0x02 ([STX])
[19:21 30.648728]< 0x01 ([SOH])
                 < 0x09 ([TAB])
                 < 0x00 ([NUL])
                 < 0x01 ([SOH])
                 < 0x01 ([SOH])
                 < 0xe8 (Ë)
                 < 0x56 (V)
                 < 0x90 (ê)
                 < 0xf0 ()
[19:21 30.656213]> 	0x81 (Å)
                 > 	0x09 ([TAB])
                 > 	0x00 ([NUL])
                 > 	0x00 ([NUL])
                 > 	0x08 ([BS])
                 > 	0x01 ([SOH])
                 > 	0x00 ([NUL])
                 > 	0x80 (Ä)
                 > 	0x00 ([NUL])
                 > 	0x01 ([SOH])
                 > 	0x86 (Ü)
                 > 	0xa0 (†)
                 > 	0x00 ([NUL])
                 > 	0x75 (u)
                 > 	0xe0 (‡)
                 > 	0x8a (ä)
                 > 	0x61 (a)
[19:21 30.659451]< 0x01 ([SOH])
                 < 0x09 ([TAB])
                 < 0x00 ([NUL])
                 < 0x01 ([SOH])
                 < 0x02 ([STX])
                 < 0x71 (q)
                 < 0x5f (_)
                 < 0xc1 (¡)
                 < 0x4a (J)
[19:21 30.663071]> 	0x81 (Å)
                 > 	0x09 ([TAB])
                 > 	0x00 ([NUL])
                 > 	0x00 ([NUL])
                 > 	0x08 ([BS])
                 > 	0x02 ([STX])
                 > 	0x00 ([NUL])
                 > 	0x80 (Ä)
                 > 	0x00 ([NUL])
                 > 	0x98 (ò)
                 > 	0x96 (ñ)
                 > 	0x80 (Ä)
                 > 	0x00 ([NUL])
                 > 	0xb2 (≤)
                 > 	0x85 (Ö)
                 > 	0xa4 (§)
                 > 	0x7e (~)
[19:21 30.719079]< 0x05 ([ENQ])
                 < 0x01 ([SOH])
                 < 0x00 ([NUL])
                 < 0x00 ([NUL])
                 < 0x17 ([ETB])
                 < 0x58 (X)
                 < 0x45 (E)
                 < 0x19 ([EM])
[19:21 30.724383]> 	0x85 (Ö)
                 > 	0x01 ([SOH])
                 > 	0x00 ([NUL])
                 > 	0x00 ([NUL])
[19:21 30.728519]> 	0x06 ([ACK])
                 > 	0x00 ([NUL])
                 > 	0x00 ([NUL])
                 > 	0x10 ([DLE])
                 > 	0x00 ([NUL])
                 > 	0x00 ([NUL])
                 > 	0x20 ( )
                 > 	0x8a (ä)
                 > 	0x54 (T)
                 > 	0x01 ([SOH])
                 > 	0x62 (b)
[19:21 30.779246]< 0x05 ([ENQ])
                 < 0x05 ([ENQ])
                 < 0x00 ([NUL])
                 < 0x00 ([NUL])
                 < 0x10 ([DLE])
                 < 0x51 (Q)
                 < 0xed (Ì)
                 < 0xc5 (≈)
[19:21 30.781765]> 	0x85 (Ö)
                 > 	0x05 ([ENQ])
                 > 	0x00 ([NUL])
                 > 	0x00 ([NUL])
                 > 	0x09 ([TAB])
                 > 	0x00 ([NUL])
                 > 	0x00 ([NUL])
                 > 	0x00 ([NUL])
[19:21 30.787639]> 	0x00 ([NUL])
                 > 	0x00 ([NUL])
                 > 	0x00 ([NUL])
                 > 	0x00 ([NUL])
                 > 	0x00 ([NUL])
                 > 	0x00 ([NUL])
                 > 	0x37 (7)
                 > 	0x51 (Q)
                 > 	0x60 (`)
                 > 	0x91 (ë)
[19:21 31.294881]< 0x05 ([ENQ])
                 < 0x05 ([ENQ])
                 < 0x00 ([NUL])
                 < 0x00 ([NUL])
                 < 0x10 ([DLE])
                 < 0x51 (Q)
                 < 0xed (Ì)
                 < 0xc5 (≈)
[19:21 31.314273]> 	0x85 (Ö)
                 > 	0x05 ([ENQ])
                 > 	0x00 ([NUL])
                 > 	0x00 ([NUL])
                 > 	0x09 ([TAB])
                 > 	0x00 ([NUL])
                 > 	0x00 ([NUL])
                 > 	0x00 ([NUL])
                 > 	0x00 ([NUL])
                 > 	0x00 ([NUL])
                 > 	0x00 ([NUL])
                 > 	0x00 ([NUL])
                 > 	0x00 ([NUL])
                 > 	0x00 ([NUL])
                 > 	0x37 (7)
                 > 	0x51 (Q)
                 > 	0x60 (`)
                 > 	0x91 (ë)
[19:21 31.822752]< 0x05 ([ENQ])
                 < 0x05 ([ENQ])
                 < 0x00 ([NUL])
                 < 0x00 ([NUL])
                 < 0x10 ([DLE])
                 < 0x51 (Q)
                 < 0xed (Ì)
                 < 0xc5 (≈)
[19:21 31.838543]> 	0x85 (Ö)
                 > 	0x05 ([ENQ])
                 > 	0x00 ([NUL])
                 > 	0x00 ([NUL])
                 > 	0x09 ([TAB])
                 > 	0x00 ([NUL])
                 > 	0x00 ([NUL])
                 > 	0x00 ([NUL])
                 > 	0x00 ([NUL])
                 > 	0x00 ([NUL])
                 > 	0x00 ([NUL])
                 > 	0x00 ([NUL])
                 > 	0x00 ([NUL])
                 > 	0x00 ([NUL])
                 > 	0x37 (7)
                 > 	0x51 (Q)
                 > 	0x60 (`)
                 > 	0x91 (ë)
[19:21 32.355077]< 0x05 ([ENQ])
                 < 0x05 ([ENQ])
                 < 0x00 ([NUL])
                 < 0x00 ([NUL])
                 < 0x10 ([DLE])
                 < 0x51 (Q)
                 < 0xed (Ì)
                 < 0xc5 (≈)
[19:21 32.358724]> 	0x85 (Ö)
                 > 	0x05 ([ENQ])
                 > 	0x00 ([NUL])
                 > 	0x00 ([NUL])
                 > 	0x09 ([TAB])
                 > 	0x00 ([NUL])
                 > 	0x00 ([NUL])
                 > 	0x00 ([NUL])
                 > 	0x00 ([NUL])
                 > 	0x00 ([NUL])
                 > 	0x00 ([NUL])
                 > 	0x00 ([NUL])
                 > 	0x00 ([NUL])
                 > 	0x00 ([NUL])
                 > 	0x37 (7)
                 > 	0x51 (Q)
                 > 	0x60 (`)
                 > 	0x91 (ë)
[19:21 32.880453]< 0x05 ([ENQ])
                 < 0x05 ([ENQ])
                 < 0x00 ([NUL])
                 < 0x00 ([NUL])
                 < 0x10 ([DLE])
                 < 0x51 (Q)
                 < 0xed (Ì)
                 < 0xc5 (≈)
[19:21 32.887096]> 	0x85 (Ö)
                 > 	0x05 ([ENQ])
                 > 	0x00 ([NUL])
                 > 	0x00 ([NUL])
                 > 	0x09 ([TAB])
                 > 	0x00 ([NUL])
                 > 	0x00 ([NUL])
                 > 	0x00 ([NUL])
                 > 	0x00 ([NUL])
                 > 	0x00 ([NUL])
                 > 	0x00 ([NUL])
                 > 	0x00 ([NUL])
                 > 	0x00 ([NUL])
                 > 	0x00 ([NUL])
                 > 	0x37 (7)
                 > 	0x51 (Q)
                 > 	0x60 (`)
                 > 	0x91 (ë)
[19:21 33.402727]< 0x05 ([ENQ])
                 < 0x05 ([ENQ])
                 < 0x00 ([NUL])
                 < 0x00 ([NUL])
                 < 0x10 ([DLE])
                 < 0x51 (Q)
                 < 0xed (Ì)
                 < 0xc5 (≈)
[19:21 33.425456]> 	0x85 (Ö)
                 > 	0x05 ([ENQ])
                 > 	0x00 ([NUL])
                 > 	0x00 ([NUL])
                 > 	0x09 ([TAB])
                 > 	0x00 ([NUL])
                 > 	0x00 ([NUL])
                 > 	0x00 ([NUL])
[19:21 33.429342]> 	0x00 ([NUL])
                 > 	0x00 ([NUL])
                 > 	0x00 ([NUL])
                 > 	0x00 ([NUL])
                 > 	0x00 ([NUL])
                 > 	0x00 ([NUL])
                 > 	0x37 (7)
                 > 	0x51 (Q)
                 > 	0x60 (`)
                 > 	0x91 (ë)
[19:21 33.937661]< 0x05 ([ENQ])
                 < 0x05 ([ENQ])
                 < 0x00 ([NUL])
                 < 0x00 ([NUL])
                 < 0x10 ([DLE])
                 < 0x51 (Q)
                 < 0xed (Ì)
                 < 0xc5 (≈)
[19:21 33.947795]> 	0x85 (Ö)
                 > 	0x05 ([ENQ])
[19:21 33.951966]> 	0x00 ([NUL])
                 > 	0x00 ([NUL])
                 > 	0x09 ([TAB])
                 > 	0x00 ([NUL])
                 > 	0x00 ([NUL])
                 > 	0x00 ([NUL])
                 > 	0x00 ([NUL])
                 > 	0x00 ([NUL])
                 > 	0x00 ([NUL])
                 > 	0x00 ([NUL])
                 > 	0x00 ([NUL])
                 > 	0x00 ([NUL])
                 > 	0x37 (7)
                 > 	0x51 (Q)
                 > 	0x60 (`)
                 > 	0x91 (ë)
[19:21 34.065219]< 0x02 ([STX])
                 < 0x02 ([STX])
                 < 0x00 ([NUL])
                 < 0x06 ([ACK])
                 < 0x00 ([NUL])
                 < 0x00 ([NUL])
                 < 0x00 ([NUL])
                 < 0x00 ([NUL])
                 < 0x00 ([NUL])
                 < 0x01 ([SOH])
                 < 0xdd (›)
                 < 0x5e (^)
                 < 0x95 (ï)
                 < 0x61 (a)
[19:21 34.087155]> 	0x82 (Ç)
                 > 	0x02 ([STX])
                 > 	0x00 ([NUL])
                 > 	0x00 ([NUL])
                 > 	0x06 ([ACK])
                 > 	0x00 ([NUL])
                 > 	0x00 ([NUL])
                 > 	0x00 ([NUL])
                 > 	0x00 ([NUL])
                 > 	0xff (ˇ)
                 > 	0xfe (˛)
                 > 	0xea (Í)
                 > 	0x0e ([SO])
                 > 	0xfa (˙)
                 > 	0xdc (‹)
[19:21 34.461111]< 0x05 ([ENQ])
                 < 0x05 ([ENQ])
                 < 0x00 ([NUL])
                 < 0x00 ([NUL])
                 < 0x10 ([DLE])
                 < 0x51 (Q)
                 < 0xed (Ì)
                 < 0xc5 (≈)
[19:21 34.472192]> 	0x85 (Ö)
                 > 	0x05 ([ENQ])
                 > 	0x00 ([NUL])
                 > 	0x00 ([NUL])
                 > 	0x09 ([TAB])
                 > 	0x00 ([NUL])
                 > 	0x00 ([NUL])
                 > 	0x00 ([NUL])
                 > 	0x00 ([NUL])
                 > 	0x00 ([NUL])
                 > 	0x00 ([NUL])
                 > 	0x00 ([NUL])
                 > 	0x00 ([NUL])
                 > 	0x00 ([NUL])
                 > 	0x37 (7)
                 > 	0x51 (Q)
                 > 	0x60 (`)
                 > 	0x91 (ë)
